# JRE version: Java(TM) SE Runtime Environment (8.0_144-b01) (build 1.8.0_144-b01)
# Java VM: Java HotSpot(TM) Client VM (25.144-b01 mixed mode windows-x86 )
Heap:
 def new generation   total 31680K, used 26673K [0x05000000, 0x07250000, 0x25000000)
  eden space 28224K,  86% used [0x05000000, 0x067de860, 0x06b90000)
  from space 3456K,  64% used [0x06b90000, 0x06dbde98, 0x06ef0000)
  to   space 3456K,   0% used [0x06ef0000, 0x06ef0000, 0x07250000)
 tenured generation   total 70004K, used 52215K [0x25000000, 0x2945d000, 0x65000000)
   the space 70004K,  74% used [0x25000000, 0x282fde10, 0x282fe000, 0x2945d000)
 Metaspace       used 35524K, capacity 36577K, committed 36608K, reserved 37248K
GC Heap History (10 events):
Event: 51.774 GC heap before
{Heap before GC invocations=98 (full 5):
 def new generation   total 31680K, used 31093K [0x05000000, 0x07250000, 0x25000000)
  eden space 28224K,  99% used [0x05000000, 0x06b8fd58, 0x06b90000)
  from space 3456K,  83% used [0x06ef0000, 0x071bda10, 0x07250000)
  to   space 3456K,   0% used [0x06b90000, 0x06b90000, 0x06ef0000)
 tenured generation   total 70004K, used 42002K [0x25000000, 0x2945d000, 0x65000000)
   the space 70004K,  59% used [0x25000000, 0x27904890, 0x27904a00, 0x2945d000)
 Metaspace       used 34740K, capacity 35771K, committed 35840K, reserved 36224K
Event: 51.783 GC heap after
Heap after GC invocations=99 (full 5):
 def new generation   total 31680K, used 2725K [0x05000000, 0x07250000, 0x25000000)
  eden space 28224K,   0% used [0x05000000, 0x05000000, 0x06b90000)
  from space 3456K,  78% used [0x06b90000, 0x06e39408, 0x06ef0000)
  to   space 3456K,   0% used [0x06ef0000, 0x06ef0000, 0x07250000)
 tenured generation   total 70004K, used 42844K [0x25000000, 0x2945d000, 0x65000000)
   the space 70004K,  61% used [0x25000000, 0x279d71f0, 0x279d7200, 0x2945d000)
 Metaspace       used 34740K, capacity 35771K, committed 35840K, reserved 36224K
}
Event: 52.874 GC heap before
{Heap before GC invocations=99 (full 5):
 def new generation   total 31680K, used 30949K [0x05000000, 0x07250000, 0x25000000)
  eden space 28224K, 100% used [0x05000000, 0x06b90000, 0x06b90000)
  from space 3456K,  78% used [0x06b90000, 0x06e39408, 0x06ef0000)
  to   space 3456K,   0% used [0x06ef0000, 0x06ef0000, 0x07250000)
 tenured generation   total 70004K, used 42844K [0x25000000, 0x2945d000, 0x65000000)
   the space 70004K,  61% used [0x25000000, 0x279d71f0, 0x279d7200, 0x2945d000)
 Metaspace       used 35368K, capacity 36429K, committed 36480K, reserved 37248K
Event: 52.884 GC heap after
Heap after GC invocations=100 (full 5):
 def new generation   total 31680K, used 3058K [0x05000000, 0x07250000, 0x25000000)
  eden space 28224K,   0% used [0x05000000, 0x05000000, 0x06b90000)
  from space 3456K,  88% used [0x06ef0000, 0x071ec908, 0x07250000)
  to   space 3456K,   0% used [0x06b90000, 0x06b90000, 0x06ef0000)
 tenured generation   total 70004K, used 45184K [0x25000000, 0x2945d000, 0x65000000)
   the space 70004K,  64% used [0x25000000, 0x27c20000, 0x27c20000, 0x2945d000)
 Metaspace       used 35368K, capacity 36429K, committed 36480K, reserved 37248K
}
Event: 53.201 GC heap before
{Heap before GC invocations=100 (full 5):
 def new generation   total 31680K, used 31282K [0x05000000, 0x07250000, 0x25000000)
  eden space 28224K, 100% used [0x05000000, 0x06b90000, 0x06b90000)
  from space 3456K,  88% used [0x06ef0000, 0x071ec908, 0x07250000)
  to   space 3456K,   0% used [0x06b90000, 0x06b90000, 0x06ef0000)
 tenured generation   total 70004K, used 45184K [0x25000000, 0x2945d000, 0x65000000)
   the space 70004K,  64% used [0x25000000, 0x27c20000, 0x27c20000, 0x2945d000)
 Metaspace       used 35462K, capacity 36508K, committed 36608K, reserved 37248K
Event: 53.210 GC heap after
Heap after GC invocations=101 (full 5):
 def new generation   total 31680K, used 2042K [0x05000000, 0x07250000, 0x25000000)
  eden space 28224K,   0% used [0x05000000, 0x05000000, 0x06b90000)
  from space 3456K,  59% used [0x06b90000, 0x06d8e928, 0x06ef0000)
  to   space 3456K,   0% used [0x06ef0000, 0x06ef0000, 0x07250000)
 tenured generation   total 70004K, used 46677K [0x25000000, 0x2945d000, 0x65000000)
   the space 70004K,  66% used [0x25000000, 0x27d95538, 0x27d95600, 0x2945d000)
 Metaspace       used 35462K, capacity 36508K, committed 36608K, reserved 37248K
}
Event: 53.375 GC heap before
{Heap before GC invocations=101 (full 5):
 def new generation   total 31680K, used 30266K [0x05000000, 0x07250000, 0x25000000)
  eden space 28224K, 100% used [0x05000000, 0x06b90000, 0x06b90000)
  from space 3456K,  59% used [0x06b90000, 0x06d8e928, 0x06ef0000)
  to   space 3456K,   0% used [0x06ef0000, 0x06ef0000, 0x07250000)
 tenured generation   total 70004K, used 46677K [0x25000000, 0x2945d000, 0x65000000)
   the space 70004K,  66% used [0x25000000, 0x27d95538, 0x27d95600, 0x2945d000)
 Metaspace       used 35462K, capacity 36508K, committed 36608K, reserved 37248K
Event: 53.385 GC heap after
Heap after GC invocations=102 (full 5):
 def new generation   total 31680K, used 3456K [0x05000000, 0x07250000, 0x25000000)
  eden space 28224K,   0% used [0x05000000, 0x05000000, 0x06b90000)
  from space 3456K, 100% used [0x06ef0000, 0x07250000, 0x07250000)
  to   space 3456K,   0% used [0x06b90000, 0x06b90000, 0x06ef0000)
 tenured generation   total 70004K, used 48834K [0x25000000, 0x2945d000, 0x65000000)
   the space 70004K,  69% used [0x25000000, 0x27fb0bd0, 0x27fb0c00, 0x2945d000)
 Metaspace       used 35462K, capacity 36508K, committed 36608K, reserved 37248K
}
Event: 53.511 GC heap before
{Heap before GC invocations=102 (full 5):
 def new generation   total 31680K, used 31680K [0x05000000, 0x07250000, 0x25000000)
  eden space 28224K, 100% used [0x05000000, 0x06b90000, 0x06b90000)
  from space 3456K, 100% used [0x06ef0000, 0x07250000, 0x07250000)
  to   space 3456K,   0% used [0x06b90000, 0x06b90000, 0x06ef0000)
 tenured generation   total 70004K, used 48834K [0x25000000, 0x2945d000, 0x65000000)
   the space 70004K,  69% used [0x25000000, 0x27fb0bd0, 0x27fb0c00, 0x2945d000)
 Metaspace       used 35464K, capacity 36510K, committed 36608K, reserved 37248K
Event: 53.521 GC heap after
Heap after GC invocations=103 (full 5):
 def new generation   total 31680K, used 2231K [0x05000000, 0x07250000, 0x25000000)
  eden space 28224K,   0% used [0x05000000, 0x05000000, 0x06b90000)
  from space 3456K,  64% used [0x06b90000, 0x06dbde98, 0x06ef0000)
  to   space 3456K,   0% used [0x06ef0000, 0x06ef0000, 0x07250000)
 tenured generation   total 70004K, used 52215K [0x25000000, 0x2945d000, 0x65000000)
   the space 70004K,  74% used [0x25000000, 0x282fde10, 0x282fe000, 0x2945d000)
 Metaspace       used 35464K, capacity 36510K, committed 36608K, reserved 37248K
}

