# JRE version: Java(TM) SE Runtime Environment (8.0_144-b01) (build 1.8.0_144-b01)
# Java VM: Java HotSpot(TM) Client VM (25.144-b01 mixed mode windows-x86 )
Heap:
 def new generation   total 30016K, used 3178K [0x05400000, 0x07490000, 0x25400000)
  eden space 26688K,   3% used [0x05400000, 0x05503628, 0x06e10000)
  from space 3328K,  64% used [0x06e10000, 0x07027360, 0x07150000)
  to   space 3328K,   0% used [0x07150000, 0x07150000, 0x07490000)
 tenured generation   total 66520K, used 55962K [0x25400000, 0x294f6000, 0x65400000)
   the space 66520K,  84% used [0x25400000, 0x28aa6958, 0x28aa6a00, 0x294f6000)
 Metaspace       used 37174K, capacity 38176K, committed 38272K, reserved 38272K
GC Heap History (10 events):
Event: 10.870 GC heap before
{Heap before GC invocations=96 (full 5):
 def new generation   total 30016K, used 28595K [0x05400000, 0x07490000, 0x25400000)
  eden space 26688K, 100% used [0x05400000, 0x06e10000, 0x06e10000)
  from space 3328K,  57% used [0x07150000, 0x0732cf78, 0x07490000)
  to   space 3328K,   0% used [0x06e10000, 0x06e10000, 0x07150000)
 tenured generation   total 66520K, used 46386K [0x25400000, 0x294f6000, 0x65400000)
   the space 66520K,  69% used [0x25400000, 0x2814c818, 0x2814ca00, 0x294f6000)
 Metaspace       used 36995K, capacity 38028K, committed 38144K, reserved 38272K
Event: 10.877 GC heap after
Heap after GC invocations=97 (full 5):
 def new generation   total 30016K, used 1512K [0x05400000, 0x07490000, 0x25400000)
  eden space 26688K,   0% used [0x05400000, 0x05400000, 0x06e10000)
  from space 3328K,  45% used [0x06e10000, 0x06f8a160, 0x07150000)
  to   space 3328K,   0% used [0x07150000, 0x07150000, 0x07490000)
 tenured generation   total 66520K, used 47831K [0x25400000, 0x294f6000, 0x65400000)
   the space 66520K,  71% used [0x25400000, 0x282b5f00, 0x282b6000, 0x294f6000)
 Metaspace       used 36995K, capacity 38028K, committed 38144K, reserved 38272K
}
Event: 11.304 GC heap before
{Heap before GC invocations=97 (full 5):
 def new generation   total 30016K, used 28200K [0x05400000, 0x07490000, 0x25400000)
  eden space 26688K, 100% used [0x05400000, 0x06e10000, 0x06e10000)
  from space 3328K,  45% used [0x06e10000, 0x06f8a160, 0x07150000)
  to   space 3328K,   0% used [0x07150000, 0x07150000, 0x07490000)
 tenured generation   total 66520K, used 47831K [0x25400000, 0x294f6000, 0x65400000)
   the space 66520K,  71% used [0x25400000, 0x282b5f00, 0x282b6000, 0x294f6000)
 Metaspace       used 37121K, capacity 38139K, committed 38144K, reserved 38272K
Event: 11.311 GC heap after
Heap after GC invocations=98 (full 5):
 def new generation   total 30016K, used 2579K [0x05400000, 0x07490000, 0x25400000)
  eden space 26688K,   0% used [0x05400000, 0x05400000, 0x06e10000)
  from space 3328K,  77% used [0x07150000, 0x073d4f38, 0x07490000)
  to   space 3328K,   0% used [0x06e10000, 0x06e10000, 0x07150000)
 tenured generation   total 66520K, used 47831K [0x25400000, 0x294f6000, 0x65400000)
   the space 66520K,  71% used [0x25400000, 0x282b5f00, 0x282b6000, 0x294f6000)
 Metaspace       used 37121K, capacity 38139K, committed 38144K, reserved 38272K
}
Event: 11.426 GC heap before
{Heap before GC invocations=98 (full 5):
 def new generation   total 30016K, used 29267K [0x05400000, 0x07490000, 0x25400000)
  eden space 26688K, 100% used [0x05400000, 0x06e10000, 0x06e10000)
  from space 3328K,  77% used [0x07150000, 0x073d4f38, 0x07490000)
  to   space 3328K,   0% used [0x06e10000, 0x06e10000, 0x07150000)
 tenured generation   total 66520K, used 47831K [0x25400000, 0x294f6000, 0x65400000)
   the space 66520K,  71% used [0x25400000, 0x282b5f00, 0x282b6000, 0x294f6000)
 Metaspace       used 37121K, capacity 38139K, committed 38144K, reserved 38272K
Event: 11.437 GC heap after
Heap after GC invocations=99 (full 5):
 def new generation   total 30016K, used 3328K [0x05400000, 0x07490000, 0x25400000)
  eden space 26688K,   0% used [0x05400000, 0x05400000, 0x06e10000)
  from space 3328K, 100% used [0x06e10000, 0x07150000, 0x07150000)
  to   space 3328K,   0% used [0x07150000, 0x07150000, 0x07490000)
 tenured generation   total 66520K, used 50497K [0x25400000, 0x294f6000, 0x65400000)
   the space 66520K,  75% used [0x25400000, 0x28550640, 0x28550800, 0x294f6000)
 Metaspace       used 37121K, capacity 38139K, committed 38144K, reserved 38272K
}
Event: 11.534 GC heap before
{Heap before GC invocations=99 (full 5):
 def new generation   total 30016K, used 30016K [0x05400000, 0x07490000, 0x25400000)
  eden space 26688K, 100% used [0x05400000, 0x06e10000, 0x06e10000)
  from space 3328K, 100% used [0x06e10000, 0x07150000, 0x07150000)
  to   space 3328K,   0% used [0x07150000, 0x07150000, 0x07490000)
 tenured generation   total 66520K, used 50497K [0x25400000, 0x294f6000, 0x65400000)
   the space 66520K,  75% used [0x25400000, 0x28550640, 0x28550800, 0x294f6000)
 Metaspace       used 37121K, capacity 38139K, committed 38144K, reserved 38272K
Event: 11.543 GC heap after
Heap after GC invocations=100 (full 5):
 def new generation   total 30016K, used 2325K [0x05400000, 0x07490000, 0x25400000)
  eden space 26688K,   0% used [0x05400000, 0x05400000, 0x06e10000)
  from space 3328K,  69% used [0x07150000, 0x07395718, 0x07490000)
  to   space 3328K,   0% used [0x06e10000, 0x06e10000, 0x07150000)
 tenured generation   total 66520K, used 53750K [0x25400000, 0x294f6000, 0x65400000)
   the space 66520K,  80% used [0x25400000, 0x2887dad8, 0x2887dc00, 0x294f6000)
 Metaspace       used 37121K, capacity 38139K, committed 38144K, reserved 38272K
}
Event: 11.669 GC heap before
{Heap before GC invocations=100 (full 5):
 def new generation   total 30016K, used 28963K [0x05400000, 0x07490000, 0x25400000)
  eden space 26688K,  99% used [0x05400000, 0x06e037c8, 0x06e10000)
  from space 3328K,  69% used [0x07150000, 0x07395718, 0x07490000)
  to   space 3328K,   0% used [0x06e10000, 0x06e10000, 0x07150000)
 tenured generation   total 66520K, used 53750K [0x25400000, 0x294f6000, 0x65400000)
   the space 66520K,  80% used [0x25400000, 0x2887dad8, 0x2887dc00, 0x294f6000)
 Metaspace       used 37128K, capacity 38142K, committed 38144K, reserved 38272K
Event: 11.678 GC heap after
Heap after GC invocations=101 (full 5):
 def new generation   total 30016K, used 2140K [0x05400000, 0x07490000, 0x25400000)
  eden space 26688K,   0% used [0x05400000, 0x05400000, 0x06e10000)
  from space 3328K,  64% used [0x06e10000, 0x07027360, 0x07150000)
  to   space 3328K,   0% used [0x07150000, 0x07150000, 0x07490000)
 tenured generation   total 66520K, used 55962K [0x25400000, 0x294f6000, 0x65400000)
   the space 66520K,  84% used [0x25400000, 0x28aa6958, 0x28aa6a00, 0x294f6000)
 Metaspace       used 37128K, capacity 38142K, committed 38144K, reserved 38272K
}

